c:\users\tranv\source\repos\tranvanh\gesture-classification\src\gestureapp\x64\debug\vc142.pdb
c:\users\tranv\source\repos\tranvanh\gesture-classification\src\gestureapp\x64\debug\vc142.idb
c:\users\tranv\source\repos\tranvanh\gesture-classification\src\gestureapp\x64\debug\gestureprediction.obj
c:\users\tranv\source\repos\tranvanh\gesture-classification\src\gestureapp\x64\debug\model.obj
c:\users\tranv\source\repos\tranvanh\gesture-classification\src\gestureapp\x64\debug\geastureleap.obj
c:\users\tranv\source\repos\tranvanh\gesture-classification\src\gestureapp\x64\debug\slidingwindow.obj
c:\users\tranv\source\repos\tranvanh\gesture-classification\src\gestureapp\x64\debug\datanormalization.obj
c:\users\tranv\source\repos\tranvanh\gesture-classification\src\gestureapp\x64\debug\gesturedemoapp.obj
c:\users\tranv\source\repos\tranvanh\gesture-classification\src\gestureapp\x64\debug\configmanager.obj
c:\users\tranv\source\repos\tranvanh\gesture-classification\src\gestureapp\x64\debug\jsoncpp.dll
c:\users\tranv\source\repos\tranvanh\gesture-classification\src\gestureapp\x64\debug\vcpkg.applocal.log
c:\users\tranv\source\repos\tranvanh\gesture-classification\src\gestureapp\x64\debug\gestureapp.exe
c:\users\tranv\source\repos\tranvanh\gesture-classification\src\gestureapp\x64\debug\gestureapp.ilk
c:\users\tranv\source\repos\tranvanh\gesture-classification\src\gestureapp\x64\debug\gestureapp.pdb
c:\users\tranv\source\repos\tranvanh\gesture-classification\src\gestureapp\x64\debug\gestureapp.tlog\cl.command.1.tlog
c:\users\tranv\source\repos\tranvanh\gesture-classification\src\gestureapp\x64\debug\gestureapp.tlog\cl.read.1.tlog
c:\users\tranv\source\repos\tranvanh\gesture-classification\src\gestureapp\x64\debug\gestureapp.tlog\cl.write.1.tlog
c:\users\tranv\source\repos\tranvanh\gesture-classification\src\gestureapp\x64\debug\gestureapp.tlog\copylocal.read.1u.tlog
c:\users\tranv\source\repos\tranvanh\gesture-classification\src\gestureapp\x64\debug\gestureapp.tlog\copylocal.write.1u.tlog
c:\users\tranv\source\repos\tranvanh\gesture-classification\src\gestureapp\x64\debug\gestureapp.tlog\gestureapp.write.1u.tlog
c:\users\tranv\source\repos\tranvanh\gesture-classification\src\gestureapp\x64\debug\gestureapp.tlog\link.command.1.tlog
c:\users\tranv\source\repos\tranvanh\gesture-classification\src\gestureapp\x64\debug\gestureapp.tlog\link.read.1.tlog
c:\users\tranv\source\repos\tranvanh\gesture-classification\src\gestureapp\x64\debug\gestureapp.tlog\link.write.1.tlog
