c:\users\tranv\source\repos\tranvanh\gesture-classification\src\gestureapp\x64\release\vc142.pdb
c:\users\tranv\source\repos\tranvanh\gesture-classification\src\gestureapp\x64\release\gestureprediction.obj
c:\users\tranv\source\repos\tranvanh\gesture-classification\src\gestureapp\x64\release\model.obj
c:\users\tranv\source\repos\tranvanh\gesture-classification\src\gestureapp\x64\release\geastureleap.obj
c:\users\tranv\source\repos\tranvanh\gesture-classification\src\gestureapp\x64\release\slidingwindow.obj
c:\users\tranv\source\repos\tranvanh\gesture-classification\src\gestureapp\x64\release\datanormalization.obj
c:\users\tranv\source\repos\tranvanh\gesture-classification\src\gestureapp\x64\release\gesturedemoapp.obj
c:\users\tranv\source\repos\tranvanh\gesture-classification\src\gestureapp\x64\release\configmanager.obj
c:\users\tranv\source\repos\tranvanh\gesture-classification\src\gestureapp\x64\release\jsoncpp.dll
c:\users\tranv\source\repos\tranvanh\gesture-classification\src\gestureapp\x64\release\gestureapp.ipdb
c:\users\tranv\source\repos\tranvanh\gesture-classification\src\gestureapp\x64\release\gestureapp.iobj
c:\users\tranv\source\repos\tranvanh\gesture-classification\src\gestureapp\x64\release\vcpkg.applocal.log
c:\users\tranv\source\repos\tranvanh\gesture-classification\src\gestureapp\x64\release\gestureapp.exe
c:\users\tranv\source\repos\tranvanh\gesture-classification\src\gestureapp\x64\release\gestureapp.pdb
c:\users\tranv\source\repos\tranvanh\gesture-classification\src\gestureapp\x64\release\datasampler.pdb
c:\users\tranv\source\repos\tranvanh\gesture-classification\src\gestureapp\x64\release\gestureapp.tlog\cl.command.1.tlog
c:\users\tranv\source\repos\tranvanh\gesture-classification\src\gestureapp\x64\release\gestureapp.tlog\cl.read.1.tlog
c:\users\tranv\source\repos\tranvanh\gesture-classification\src\gestureapp\x64\release\gestureapp.tlog\cl.write.1.tlog
c:\users\tranv\source\repos\tranvanh\gesture-classification\src\gestureapp\x64\release\gestureapp.tlog\copylocal.read.1u.tlog
c:\users\tranv\source\repos\tranvanh\gesture-classification\src\gestureapp\x64\release\gestureapp.tlog\copylocal.write.1u.tlog
c:\users\tranv\source\repos\tranvanh\gesture-classification\src\gestureapp\x64\release\gestureapp.tlog\gestureapp.write.1u.tlog
c:\users\tranv\source\repos\tranvanh\gesture-classification\src\gestureapp\x64\release\gestureapp.tlog\link.command.1.tlog
c:\users\tranv\source\repos\tranvanh\gesture-classification\src\gestureapp\x64\release\gestureapp.tlog\link.read.1.tlog
c:\users\tranv\source\repos\tranvanh\gesture-classification\src\gestureapp\x64\release\gestureapp.tlog\link.write.1.tlog
