Determining if the include file pthread.h exists failed with the following output:
Change Dir: C:/Users/tranv/source/repos/tranvanh/Gesture-classification/src/GestureApp/includes/tensorflow2/tensorflow/lite/out/build/x64-Debug (default)/CMakeFiles/CMakeTmp

Run Build Command(s):C:/Program Files (x86)/Microsoft Visual Studio/2019/Professional/Common7/IDE/CommonExtensions/Microsoft/CMake/Ninja/ninja.exe cmTC_d9d8f && [1/2] Building C object CMakeFiles\cmTC_d9d8f.dir\CheckIncludeFile.c.obj
FAILED: CMakeFiles/cmTC_d9d8f.dir/CheckIncludeFile.c.obj 
C:\PROGRA~2\MICROS~2\2019\PROFES~1\VC\Tools\MSVC\1428~1.293\bin\Hostx64\x64\cl.exe  /nologo   /DWIN32 /D_WINDOWS  /Zi /Ob0 /Od /RTC1 -MDd /showIncludes /FoCMakeFiles\cmTC_d9d8f.dir\CheckIncludeFile.c.obj /FdCMakeFiles\cmTC_d9d8f.dir\ /FS -c CheckIncludeFile.c
CheckIncludeFile.c(1): fatal error C1083: Cannot open include file: 'pthread.h': No such file or directory
ninja: build stopped: subcommand failed.



Performing C++ SOURCE FILE Test EIGEN_COMPILER_SUPPORT_CPP11 failed with the following output:
Change Dir: C:/Users/tranv/source/repos/tranvanh/Gesture-classification/src/GestureApp/includes/tensorflow2/tensorflow/lite/out/build/x64-Debug (default)/CMakeFiles/CMakeTmp

Run Build Command(s):C:/Program Files (x86)/Microsoft Visual Studio/2019/Professional/Common7/IDE/CommonExtensions/Microsoft/CMake/Ninja/ninja.exe cmTC_9486b && [1/2] Building CXX object CMakeFiles\cmTC_9486b.dir\src.cxx.obj
cl : Command line warning D9002 : ignoring unknown option '-std=c++11'
[2/2] Linking CXX executable cmTC_9486b.exe


Source file was:
int main() { return 0; }
Performing C++ SOURCE FILE Test COMPILER_SUPPORT_std=cpp03 failed with the following output:
Change Dir: C:/Users/tranv/source/repos/tranvanh/Gesture-classification/src/GestureApp/includes/tensorflow2/tensorflow/lite/out/build/x64-Debug (default)/CMakeFiles/CMakeTmp

Run Build Command(s):C:/Program Files (x86)/Microsoft Visual Studio/2019/Professional/Common7/IDE/CommonExtensions/Microsoft/CMake/Ninja/ninja.exe cmTC_ebcf5 && [1/2] Building CXX object CMakeFiles\cmTC_ebcf5.dir\src.cxx.obj
cl : Command line warning D9002 : ignoring unknown option '-std=c++03'
[2/2] Linking CXX executable cmTC_ebcf5.exe


Source file was:
int main() { return 0; }
Performing C++ SOURCE FILE Test FARMHASH_HAS_BUILTIN_EXPECT failed with the following output:
Change Dir: C:/Users/tranv/source/repos/tranvanh/Gesture-classification/src/GestureApp/includes/tensorflow2/tensorflow/lite/out/build/x64-Debug (default)/CMakeFiles/CMakeTmp

Run Build Command(s):C:/Program Files (x86)/Microsoft Visual Studio/2019/Professional/Common7/IDE/CommonExtensions/Microsoft/CMake/Ninja/ninja.exe cmTC_21d22 && [1/2] Building CXX object CMakeFiles\cmTC_21d22.dir\src.cxx.obj
FAILED: CMakeFiles/cmTC_21d22.dir/src.cxx.obj 
C:\PROGRA~2\MICROS~2\2019\PROFES~1\VC\Tools\MSVC\1428~1.293\bin\Hostx64\x64\cl.exe  /nologo /TP   /DWIN32 /D_WINDOWS /GR /EHsc -DFARMHASH_HAS_BUILTIN_EXPECT /Zi /Ob0 /Od /RTC1 -MDd /showIncludes /FoCMakeFiles\cmTC_21d22.dir\src.cxx.obj /FdCMakeFiles\cmTC_21d22.dir\ /FS -c src.cxx
src.cxx(1): error C3861: '__builtin_expect': identifier not found
ninja: build stopped: subcommand failed.


Source file was:
int main(int argc, char* argv[]) { return (int)__builtin_expect(0, 0); }
Checking whether the ASM compiler is GNU using "--version" did not match "(GNU assembler)|(GCC)|(Free Software Foundation)":
Microsoft (R) C/C++ Optimizing Compiler Version 19.28.29336 for x64
Copyright (C) Microsoft Corporation.  All rights reserved.

cl : Command line warning D9002 : ignoring unknown option '--version'
cl : Command line error D8003 : missing source filename
Checking whether the ASM compiler is Clang using "--version" did not match "(clang version)":
Microsoft (R) C/C++ Optimizing Compiler Version 19.28.29336 for x64
Copyright (C) Microsoft Corporation.  All rights reserved.

cl : Command line warning D9002 : ignoring unknown option '--version'
cl : Command line error D8003 : missing source filename
Checking whether the ASM compiler is AppleClang using "--version" did not match "(Apple LLVM version)":
Microsoft (R) C/C++ Optimizing Compiler Version 19.28.29336 for x64
Copyright (C) Microsoft Corporation.  All rights reserved.

cl : Command line warning D9002 : ignoring unknown option '--version'
cl : Command line error D8003 : missing source filename
Checking whether the ASM compiler is ARMClang using "--version" did not match "armclang":
Microsoft (R) C/C++ Optimizing Compiler Version 19.28.29336 for x64
Copyright (C) Microsoft Corporation.  All rights reserved.

cl : Command line warning D9002 : ignoring unknown option '--version'
cl : Command line error D8003 : missing source filename
Checking whether the ASM compiler is HP using "-V" did not match "HP C":
Microsoft (R) C/C++ Optimizing Compiler Version 19.28.29336 for x64
Copyright (C) Microsoft Corporation.  All rights reserved.

cl : Command line error D8004 : '/V' requires an argument
Checking whether the ASM compiler is Intel using "--version" did not match "(ICC)":
Microsoft (R) C/C++ Optimizing Compiler Version 19.28.29336 for x64
Copyright (C) Microsoft Corporation.  All rights reserved.

cl : Command line warning D9002 : ignoring unknown option '--version'
cl : Command line error D8003 : missing source filename
Checking whether the ASM compiler is SunPro using "-V" did not match "Sun C":
Microsoft (R) C/C++ Optimizing Compiler Version 19.28.29336 for x64
Copyright (C) Microsoft Corporation.  All rights reserved.

cl : Command line error D8004 : '/V' requires an argument
Checking whether the ASM compiler is XL using "-qversion" did not match "XL C":
Microsoft (R) C/C++ Optimizing Compiler Version 19.28.29336 for x64
Copyright (C) Microsoft Corporation.  All rights reserved.

cl : Command line warning D9002 : ignoring unknown option '-qversion'
cl : Command line error D8003 : missing source filename
Performing C++ SOURCE FILE Test COMPILER_SUPPORT_std=cpp03 failed with the following output:
Change Dir: C:/Users/tranv/source/repos/tranvanh/Gesture-classification/src/GestureApp/includes/tensorflow2/tensorflow/lite/out/build/x64-Debug (default)/CMakeFiles/CMakeTmp

Run Build Command(s):C:/Program Files (x86)/Microsoft Visual Studio/2019/Professional/Common7/IDE/CommonExtensions/Microsoft/CMake/Ninja/ninja.exe cmTC_8f2d7 && [1/2] Building CXX object CMakeFiles\cmTC_8f2d7.dir\src.cxx.obj
cl : Command line warning D9002 : ignoring unknown option '-std=c++03'
[2/2] Linking CXX executable cmTC_8f2d7.exe


Source file was:
int main() { return 0; }
